[debug] [2024-04-16T03:07:21.563Z] ----------------------------------------------------------------------
[debug] [2024-04-16T03:07:21.566Z] Command:       D:\Coding\tools\node.exe C:\Users\alien\AppData\Roaming\npm\node_modules\firebase-tools\lib\bin\firebase.js init
[debug] [2024-04-16T03:07:21.566Z] CLI Version:   13.7.2
[debug] [2024-04-16T03:07:21.566Z] Platform:      win32
[debug] [2024-04-16T03:07:21.566Z] Node Version:  v21.7.3
[debug] [2024-04-16T03:07:21.567Z] Time:          Mon Apr 15 2024 23:07:21 GMT-0400 (Eastern Daylight Time)
[debug] [2024-04-16T03:07:21.567Z] ----------------------------------------------------------------------
[debug] 
[debug] [2024-04-16T03:07:21.574Z] > command requires scopes: ["email","openid","https://www.googleapis.com/auth/cloudplatformprojects.readonly","https://www.googleapis.com/auth/firebase","https://www.googleapis.com/auth/cloud-platform"]
[debug] [2024-04-16T03:07:21.574Z] > authorizing via signed-in user (alienld2014@gmail.com)
[info] 
     ######## #### ########  ######## ########     ###     ######  ########
     ##        ##  ##     ## ##       ##     ##  ##   ##  ##       ##
     ######    ##  ########  ######   ########  #########  ######  ######
     ##        ##  ##    ##  ##       ##     ## ##     ##       ## ##
     ##       #### ##     ## ######## ########  ##     ##  ######  ########

You're about to initialize a Firebase project in this directory:

  D:\Coding\projects\little-cute-shop

[info] 
=== Project Setup
[info] 
[info] First, let's associate this project directory with a Firebase project.
[info] You can create multiple project aliases by running firebase use --add, 
[info] but for now we'll just set up a default project.
[info] 
[info] i  If you want to create a project in a Google Cloud organization or folder, please use "firebase projects:create" instead, and return to this command when you've created the project. 
